<?xml version="1.0" encoding="UTF-8"?>
<!DOCTYPE suite SYSTEM "http://testng.org/testng-1.0.dtd">
<suite name="Default Suite" verbose="0">
    <test name="barrigarest">
        <packages>
            <package name="testes.*"></package>
        </packages>
    </test>
</suite>